
Showing logs for build [32mcb-kubecd-environment-pr-184-31-fxs7j-1[0m stage [32mfrom-build-pack[0m and container [32mstep-credential-initializer-m5q7v[0m
{"level":"warn","ts":1584522454.5556793,"logger":"fallback-logger","caller":"logging/config.go:69","msg":"Fetch GitHub commit ID from kodata failed: \"ref: refs/heads/0.8.0-**-support-backwards-incompats\" is not a valid GitHub commit ID"}
{"level":"info","ts":1584522454.5600035,"logger":"fallback-logger","caller":"creds-init/main.go:40","msg":"Credentials initialized."}

Showing logs for build [32mcb-kubecd-environment-pr-184-31-fxs7j-1[0m stage [32mfrom-build-pack[0m and container [32mstep-working-dir-initializer-z7mts[0m
{"level":"warn","ts":1584522455.3651578,"logger":"fallback-logger","caller":"logging/config.go:69","msg":"Fetch GitHub commit ID from kodata failed: open /var/run/ko/HEAD: no such file or directory"}
{"level":"info","ts":1584522455.368515,"logger":"fallback-logger","caller":"bash/main.go:64","msg":"Successfully executed command \"sh -c mkdir -p /workspace/source\"; output "}

Showing logs for build [32mcb-kubecd-environment-pr-184-31-fxs7j-1[0m stage [32mfrom-build-pack[0m and container [32mstep-place-tools[0m

Showing logs for build [32mcb-kubecd-environment-pr-184-31-fxs7j-1[0m stage [32mfrom-build-pack[0m and container [32mstep-git-source-cb-kubecd-environment-pr-184-31-fxs7j-dshh7[0m
{"level":"warn","ts":1584522473.732078,"logger":"fallback-logger","caller":"logging/config.go:69","msg":"Fetch GitHub commit ID from kodata failed: \"ref: refs/heads/0.8.0-**-support-backwards-incompats\" is not a valid GitHub commit ID"}
{"level":"info","ts":1584522474.8472779,"logger":"fallback-logger","caller":"git/git.go:103","msg":"Successfully cloned https://github.com/cb-kubecd/environment-pr-184-31-boot-vault-gke-staging.git @ master in path /workspace/source"}

Showing logs for build [32mcb-kubecd-environment-pr-184-31-fxs7j-1[0m stage [32mfrom-build-pack[0m and container [32mstep-git-merge[0m
Using SHAs from PULL_REFS=master:36f9642f8fee884753484eb63a4a4c3dde6b7c4c,2:249ce9c37c614f1a7868c6f9a7e203603abc08cc
DEBUG: LC_ALL=C JX_LOG_LEVEL=error git fetch origin --unshallow 249ce9c37c614f1a7868c6f9a7e203603abc08cc: 36f9642f8fee884753484eb63a4a4c3dde6b7c4c:
DEBUG: ran git fetch --unshallow origin 249ce9c37c614f1a7868c6f9a7e203603abc08cc: 36f9642f8fee884753484eb63a4a4c3dde6b7c4c: in 
DEBUG: LC_ALL=C JX_LOG_LEVEL=error git branch
DEBUG: LC_ALL=C JX_LOG_LEVEL=error git checkout master
DEBUG: ran git checkout master in 
DEBUG: LC_ALL=C JX_LOG_LEVEL=error git reset --hard 36f9642f8fee884753484eb63a4a4c3dde6b7c4c
DEBUG: ran git reset --hard 36f9642f8fee884753484eb63a4a4c3dde6b7c4c in 
DEBUG: LC_ALL=C JX_LOG_LEVEL=error git clean -fd .
DEBUG: ran clean --force -d . in 
DEBUG: JX_LOG_LEVEL=error LC_ALL=C git merge 249ce9c37c614f1a7868c6f9a7e203603abc08cc
DEBUG: ran git merge 249ce9c37c614f1a7868c6f9a7e203603abc08cc in 
DEBUG: JX_LOG_LEVEL=error LC_ALL=C git log --format=%H%x1f%an%x1f%ae%x1f%cn%x1f%ce%x1f%s%n%b%x1e 36f9642f8fee884753484eb63a4a4c3dde6b7c4c..HEAD
Merged SHA 249ce9c37c614f1a7868c6f9a7e203603abc08cc with commit message 'chore: Promote bdd-nh-1584522171 to version 0.0.1' into base branch master

Showing logs for build [32mcb-kubecd-environment-pr-184-31-fxs7j-1[0m stage [32mfrom-build-pack[0m and container [32mstep-build-helm-build[0m
WARNING: No $CHART_REPOSITORY defined so using the default value of: http://jenkins-x-chartmuseum:8080
Adding missing Helm repo: storage.googleapis.com https://storage.googleapis.com/chartmuseum.jenkins-x.io
WARNING: No secrets found on "helm/repos" due: reading the secret "helm/repos" from vault: no secret "helm/repos" not found in vault
Read credentials for https://storage.googleapis.com/chartmuseum.jenkins-x.io from vault helm/repos
Successfully added Helm repository storage.googleapis.com.
Adding missing Helm repo: jenkins-x-chartmuseum http://jenkins-x-chartmuseum:8080
WARNING: No secrets found on "helm/repos" due: reading the secret "helm/repos" from vault: no secret "helm/repos" not found in vault
Read credentials for http://jenkins-x-chartmuseum:8080 from vault helm/repos
Successfully added Helm repository jenkins-x-chartmuseum.
WARNING: No $CHART_REPOSITORY defined so using the default value of: http://jenkins-x-chartmuseum:8080
Adding missing Helm repo: chartmuseum.jenkins-x.io http://chartmuseum.jenkins-x.io
WARNING: No secrets found on "helm/repos" due: reading the secret "helm/repos" from vault: no secret "helm/repos" not found in vault
Read credentials for http://chartmuseum.jenkins-x.io from vault helm/repos
Successfully added Helm repository chartmuseum.jenkins-x.io.
